[Thursday/May 12/05/2022 09:44:59] /media/Entertainment/Movies/Spider-Man No Way Home (2021) (1080p BluRay x265 HEVC 10bit AAC 5.1 Vyndros)/Spider-Man No Way Home [2021] 1080p 10bit BluRay AAC5.1 HEVC-Vyndros.mkv | length=8889.897 | time=2856.187
[Thursday/May 12/05/2022 10:21:49] /media/Entertainment/Shows/Goblin.S01.1080p.WEBRip.AAC2.0.x264-CasStudio[rartv]/Goblin.S01E01.1080p.WEBRip.AAC2.0.H.264-CasStudio.mkv | length=5328.682 | time=351.952
[Thursday/May 12/05/2022 10:48:25] ytdl://N-v_yhffWzc | length=179.221 | time=18.477
[Thursday/May 12/05/2022 10:49:53] "Sony Xperia 10 IV hands-on & key features" | ytdl://xN9Xrx0FvMk | length=164.981 | time=20.02
[Thursday/May 12/05/2022 10:50:35] "Sony Xperia 10 IV hands-on & key features" | ytdl://xN9Xrx0FvMk | length=164.981 | time=4.705
[Thursday/May 12/05/2022 10:56:04] "Sony Xperia 10 IV hands-on & key features" | ytdl://xN9Xrx0FvMk | length=164.981 | time=149.516
[Thursday/May 12/05/2022 10:59:48] "Best Budget Phones Under £200 (Spring 2022) | Top" | ytdl://rg0k29SfJrU | length=823.941 | time=380.32
[Thursday/May 12/05/2022 11:07:12] "Sony Xperia 1 IV full review" | ytdl://tmAUnao_7Ns | length=972.541 | time=897.296
[Thursday/May 12/05/2022 18:47:59] "7 Things You MUST DO After Installing Fedora 36" | ytdl://RrRpXs2pkzg | length=727.761 | time=714.314
[Thursday/May 12/05/2022 18:57:58] "Use case distros mean Linux desktop needs more work!" | ytdl://GuCLBzzmsoU | length=958.301 | time=891.124
[Thursday/May 12/05/2022 19:12:22] "OnePlus Nord 2T 5G Unboxing & Quick Look !" | ytdl://C1YfOTAD42M | length=425.961 | time=425.961
[Thursday/May 12/05/2022 19:19:16] "Pixel Watch, Pixel 7 and Google's Hardware Reveal 2022!" | ytdl://U3DNz5asasA | length=694.881 | time=622.188
[Thursday/May 12/05/2022 19:31:23] "Android 13: Our Favorite New Features" | ytdl://0v5wjfRHvA8 | length=415.021 | time=386.845
[Thursday/May 12/05/2022 19:38:17] "Nvidia Open Sources Drivers, FOSS Is Winning! (Despite The Haters)" | ytdl://ifA2dwuzbJI | length=339.301 | time=272.706
[Thursday/May 12/05/2022 19:45:20] "Motorola Edge 30 5G - New Style of Moto 2022 !" | ytdl://fVHwmcN-2DU | length=584.441 | time=584.42768749997
[Thursday/May 12/05/2022 19:49:44] "Acer Triton 500 SE Review - Acer's Best Gaming Laptop!" | ytdl://hDZC6H5fLyU | length=422.841 | time=422.841
[Friday/May 13/05/2022 08:44:25] "OnePlus Nord 2T Unboxing & Impressions!" | ytdl://xOYVTBcTzrA | length=455.961 | time=455.961
[Friday/May 13/05/2022 08:54:56] "Sony WH-1000XM5 Review: Two Steps Forward, One Step Back!" | ytdl://6CsJZxfZsL0 | length=612.481 | time=612.45968749973
[Friday/May 13/05/2022 08:59:49] "NVIDIA Open Sources Their Drivers" | ytdl://7MjtsiATEGQ | length=579.721 | time=167.167
[Friday/May 13/05/2022 09:07:47] "NVIDIA Open Sources Their Drivers" | ytdl://7MjtsiATEGQ | length=579.721 | time=579.721
[Friday/May 13/05/2022 09:11:33] "Prithviraj | Official Trailer | Akshay Kumar, Sanjay Dutt, Sonu Sood, Manushi Chhillar | 3 June 2022" | ytdl://33-CQdPHyjw | length=173.441 | time=173.441
[Friday/May 13/05/2022 09:14:16] "Father of the Bride | Official Trailer | HBO Max" | ytdl://Iwm0IO-NFRM | length=163.321 | time=163.321
[Friday/May 13/05/2022 09:20:46] "COSTA RICA IN 4K 60fps HDR (ULTRA HD)" | ytdl://LXb3EKWsInQ | length=313.801 | time=75.609
[Friday/May 13/05/2022 09:25:01] /home/devrath/Downloads/COSTA RICA IN 4K 60fps HDR (ULTRA HD) [LXb3EKWsInQ].webm | length=313.801 | time=46.714
[Friday/May 13/05/2022 09:45:52] /home/devrath/COSTA RICA IN 4K 60fps HDR (ULTRA HD) [LXb3EKWsInQ].webm | length=313.78 | time=39.172
[Friday/May 13/05/2022 09:47:13] /home/devrath/Documents/COSTA RICA IN 4K 60fps HDR (ULTRA HD) [LXb3EKWsInQ].mp4 | length=313.78013333333 | time=110.94416666667
[Friday/May 13/05/2022 09:50:37] /home/devrath/COSTA RICA IN 4K 60fps HDR (ULTRA HD) [LXb3EKWsInQ].webm | length=313.78 | time=54.571
[Friday/May 13/05/2022 09:50:48] /home/devrath/Documents/COSTA RICA IN 4K 60fps HDR (ULTRA HD) [LXb3EKWsInQ].mp4 | length=313.78013333333 | time=10.944266666667
[Friday/May 13/05/2022 09:52:58] "COSTA RICA IN 4K 60fps HDR (ULTRA HD)" | ytdl://LXb3EKWsInQ | length=313.801 | time=93.277
[Friday/May 13/05/2022 21:49:57] "A First Look At Fedora 36 i3 Spin (If I Get It Installed)" | ytdl://ZdbgDCwCs_w | length=1756.101 | time=1756.0756875
[Friday/May 13/05/2022 21:57:12] "How to Build Linux Server to Full Desktop" | ytdl://oa3LDqV4-cc | length=1319.981 | time=225.025
[Friday/May 13/05/2022 22:04:53] "My New Linux Desktop - Material Shell" | ytdl://RSYPMSzSzT4 | length=682.341 | time=682.341
[Friday/May 13/05/2022 22:15:41] "How to Build Linux Server to Full Desktop" | ytdl://oa3LDqV4-cc | length=1319.981 | time=1243.042
[Saturday/May 14/05/2022 08:13:30] "NVIDIA goes OPEN SOURCE, China moves to Linux, and Fortnite on Linux - Linux and open source news" | ytdl://Rwh0wby2E50 | length=1030.061 | time=962.829
[Saturday/May 14/05/2022 08:23:53] "I Tested - intel 12Gen. OLED Laptops !" | ytdl://0zdTl7FY08Q | length=624.741 | time=610.777
[Saturday/May 14/05/2022 08:31:35] "Archinstall - Arch Linux Made Easy" | ytdl://G-mLyrHonvU | length=575.861 | time=575.861
[Saturday/May 14/05/2022 09:04:00] "The ONE operating system to rule them all." | ytdl://QVSKXygroCI | length=382.181 | time=365.298
[Saturday/May 14/05/2022 09:09:43] "Turing Pi 2 – The Ultimate Home Server?" | ytdl://hrXwRrcyrQ8 | length=634.861 | time=617.08
[Saturday/May 14/05/2022 09:19:19] /home/devrath/Downloads/[SubsPlease] Spy x Family - 05 (1080p) [547FDE9F].mkv | length=1449.97 | time=720.47
[Saturday/May 14/05/2022 09:25:39] /home/devrath/Downloads/[SubsPlease] Spy x Family - 05 (1080p) [547FDE9F].mkv | length=1449.97 | time=1052.928
[Saturday/May 14/05/2022 18:29:03] /home/devrath/Downloads/[SubsPlease] Spy x Family - 05 (1080p) [547FDE9F].mkv | length=1449.97 | time=1449.9694168171
[Saturday/May 14/05/2022 18:33:41] "TVアニメ『呪術廻戦』ノンクレジットEDムービー／EDテーマ：ALI「LOST IN PARADISE feat. AKLO」" | ytdl://AWEm4tA2hMc | length=90.101 | time=90.094241864244
[Saturday/May 14/05/2022 18:43:06] "Manjaro Sway Edition - Wayland Tiling Window Manager" | ytdl://34DIO61GxAE | length=536.181 | time=155.483
[Saturday/May 14/05/2022 18:52:45] "Sway on Arch Linux: Installation and Configuration" | ytdl://hRIGYUWQfYU | length=1178.121 | time=1080.466
[Saturday/May 14/05/2022 19:03:28] "How To Make Your Tiling Window Manager Look Amazing" | ytdl://dBFyhdgu280 | length=775.021 | time=774.966
[Saturday/May 14/05/2022 19:07:45] "A Senior Developer's Linux Setup" | ytdl://fa2Z1wdjFYg | length=413.561 | time=397.883
[Saturday/May 14/05/2022 19:12:28] "Alpine Linux with a Tiling Window Manager - bspwm" | ytdl://UP3vVAxbq4c | length=2362.261 | time=688.37375052411
[Saturday/May 14/05/2022 19:18:28] "My Developer Workflow - How I use i3, tmux, and vim" | ytdl://bdumjiHabhQ | length=560.981 | time=560.981
[Saturday/May 14/05/2022 19:21:53] "Linux setup for Competitive Programming (with Geany)" | ytdl://ePZEkbbf3fc | length=509.741 | time=384.017
[Tuesday/May 17/05/2022 18:39:29] "The Best Windows Tool for 2022" | ytdl://tPRv-ATUBe4 | length=520.441 | time=520.441
[Tuesday/May 17/05/2022 18:47:13] "7 (more) AWESOME Linux CLI/Terminal Apps" | ytdl://cKqsw_sAsU8 | length=860.901 | time=797.416
[Tuesday/May 17/05/2022 18:51:57] "Linux Fanboy Reviews macOS: Feels OLD." | ytdl://-KYbHJulEo8 | length=1246.241 | time=264.731
[Tuesday/May 17/05/2022 19:03:40] "Linux Fanboy Reviews macOS: Feels OLD." | ytdl://-KYbHJulEo8 | length=1246.241 | time=1178
[Tuesday/May 17/05/2022 19:13:22] "Top 7 Electron Apps For Windows, Mac and Linux" | ytdl://IB841O8Hakw | length=976.341 | time=976.341
[Tuesday/May 17/05/2022 19:21:29] "I Didn't Think I Would Like THIS!" | ytdl://01nmrE3ZpGY | length=899.221 | time=811.577
[Tuesday/May 17/05/2022 19:31:07] "Samsung Galaxy S22 Ultra Review After 2 Months!" | ytdl://c_WVVJQvXYQ | length=682.841 | time=682.841
[Tuesday/May 17/05/2022 19:47:53] "AI Made This Thumbnail!" | ytdl://yCBEumeXY4A | length=910.141 | time=910.12348877283
[Tuesday/May 17/05/2022 19:58:32] "iPhone vs Android | Which is best in 2022?" | ytdl://Cin1M0zmWRU | length=630.821 | time=597.2
[Tuesday/May 17/05/2022 20:18:12] "Fedora 36: Leading Edge Linux Distro" | ytdl://g5d0dfq_Ew8 | length=1166.381 | time=1120.6
[Tuesday/May 17/05/2022 21:10:37] "Why Fedora 36 is a great GNOME Distro! (Full Review)" | ytdl://4ZGK_QbNRA4 | length=786.021 | time=758.65
[Tuesday/May 17/05/2022 21:13:18] "Spiderhead | Chris Hemsworth | Official Trailer | Netflix" | ytdl://BfsNfFoA0J0 | length=132.601 | time=132.601
[Wednesday/May 18/05/2022 08:46:24] "Asus ROG Flow X16 Impressions - Future-Proof Gaming!? 🔥" | ytdl://hdVvSOnIHKU | length=540.381 | time=540.36399180782
[Wednesday/May 18/05/2022 09:00:49] "CRAZY COOL Laptops from Asus!" | ytdl://lWqlDixckSI | length=601.561 | time=601.561
[Wednesday/May 18/05/2022 09:28:42] /home/devrath/Downloads/[SubsPlease] Spy x Family - 06 (1080p) [D15B7650].mkv | length=1450.016 | time=1450.0169637188
